
========================================
  JellyStream Development Server
========================================

  Server running at: http://localhost:8080/

  Press Ctrl+C to stop

GET /
GET /
GET /css/main.css
GET /js/api/jellyfin-client.js
GET /js/state-manager.js
GET /js/api/jellyseerr-client.js
GET /js/lifecycle.js
GET /js/router.js
GET /js/main.js
GET /js/screens/splash-screen.js
GET /js/screens/login-screen.js
GET /favicon.ico
GET /
GET /css/main.css
GET /js/api/jellyfin-client.js
GET /js/state-manager.js
GET /js/api/jellyseerr-client.js
GET /js/lifecycle.js
GET /js/router.js
GET /js/main.js
GET /js/screens/splash-screen.js
GET /js/screens/login-screen.js
GET /
GET /css/main.css
GET /js/state-manager.js
GET /js/api/jellyfin-client.js
GET /js/api/jellyseerr-client.js
GET /js/lifecycle.js
GET /js/router.js
GET /js/main.js
GET /js/screens/splash-screen.js
GET /js/screens/login-screen.js
GET /
GET /css/main.css
GET /js/state-manager.js
GET /js/api/jellyfin-client.js
GET /js/api/jellyseerr-client.js
GET /js/lifecycle.js
GET /js/router.js
GET /js/main.js
GET /js/screens/splash-screen.js
GET /js/screens/login-screen.js
GET /css/main.css
GET /.well-known/appspecific/com.chrome.devtools.json
GET /
GET /.well-known/appspecific/com.chrome.devtools.json
GET /css/main.css
GET /js/state-manager.js
GET /js/api/jellyfin-client.js
GET /js/api/jellyseerr-client.js
GET /js/lifecycle.js
GET /js/router.js
GET /js/main.js
GET /js/screens/splash-screen.js
GET /js/screens/login-screen.js
GET /
GET /css/main.css
GET /js/state-manager.js
GET /js/api/jellyfin-client.js
GET /js/api/jellyseerr-client.js
GET /js/lifecycle.js
GET /js/router.js
GET /js/main.js
GET /js/screens/splash-screen.js
GET /js/screens/login-screen.js
GET /
GET /css/main.css
GET /js/state-manager.js
GET /js/api/jellyfin-client.js
GET /js/api/jellyseerr-client.js
GET /js/lifecycle.js
GET /js/router.js
GET /js/main.js
GET /js/screens/splash-screen.js
GET /js/screens/login-screen.js
GET /css/main.css
GET /.well-known/appspecific/com.chrome.devtools.json
GET /
GET /css/main.css
GET /js/state-manager.js
GET /js/lifecycle.js
GET /js/api/jellyfin-client.js
GET /js/api/jellyseerr-client.js
GET /js/router.js
GET /js/main.js
GET /js/screens/splash-screen.js
GET /js/screens/login-screen.js
GET /
GET /css/main.css
GET /js/state-manager.js
GET /js/api/jellyseerr-client.js
GET /js/api/jellyfin-client.js
GET /js/lifecycle.js
GET /js/router.js
GET /js/main.js
GET /js/screens/splash-screen.js
GET /js/screens/login-screen.js
GET /
GET /css/main.css
GET /js/api/jellyfin-client.js
GET /js/state-manager.js
GET /js/api/jellyseerr-client.js
GET /js/lifecycle.js
GET /js/router.js
GET /js/main.js
GET /js/screens/splash-screen.js
GET /js/screens/login-screen.js
GET /
GET /css/main.css
GET /js/state-manager.js
GET /js/api/jellyfin-client.js
GET /js/api/jellyseerr-client.js
GET /js/router.js
GET /js/lifecycle.js
GET /js/main.js
GET /js/screens/splash-screen.js
GET /js/screens/login-screen.js
GET /
GET /css/main.css
GET /js/state-manager.js
GET /js/api/jellyfin-client.js
GET /js/api/jellyseerr-client.js
GET /js/lifecycle.js
GET /js/router.js
GET /js/main.js
GET /js/screens/splash-screen.js
GET /js/screens/login-screen.js
GET /
GET /css/main.css
GET /js/state-manager.js
GET /js/api/jellyfin-client.js
GET /js/api/jellyseerr-client.js
GET /js/lifecycle.js
GET /js/router.js
GET /js/main.js
GET /js/screens/splash-screen.js
GET /js/screens/login-screen.js
GET /
GET /css/main.css
GET /js/state-manager.js
GET /js/api/jellyfin-client.js
GET /js/api/jellyseerr-client.js
GET /js/lifecycle.js
GET /js/router.js
GET /js/main.js
GET /js/screens/splash-screen.js
GET /js/screens/login-screen.js
GET /
GET /css/main.css
GET /js/state-manager.js
GET /js/api/jellyfin-client.js
GET /js/api/jellyseerr-client.js
GET /js/lifecycle.js
GET /js/router.js
GET /js/main.js
GET /js/screens/splash-screen.js
GET /js/screens/login-screen.js
GET /
GET /
GET /css/main.css
GET /js/state-manager.js
GET /js/api/jellyfin-client.js
GET /js/api/jellyseerr-client.js
GET /js/lifecycle.js
GET /js/router.js
GET /js/main.js
GET /js/screens/splash-screen.js
GET /js/screens/login-screen.js
GET /
GET /css/main.css
GET /js/state-manager.js
GET /js/api/jellyfin-client.js
GET /js/api/jellyseerr-client.js
GET /js/lifecycle.js
GET /js/router.js
GET /js/main.js
GET /js/screens/splash-screen.js
GET /js/screens/login-screen.js
GET /js/screens/home-screen.js
GET /
GET /css/main.css
GET /js/state-manager.js
GET /js/api/jellyfin-client.js
GET /js/lifecycle.js
GET /js/main.js
GET /js/api/jellyseerr-client.js
GET /js/router.js
GET /js/screens/splash-screen.js
GET /js/screens/login-screen.js
GET /js/screens/home-screen.js
GET /
GET /css/main.css
GET /js/state-manager.js
GET /js/lifecycle.js
GET /js/api/jellyfin-client.js
GET /js/api/jellyseerr-client.js
GET /js/router.js
GET /js/main.js
GET /js/screens/splash-screen.js
GET /js/screens/login-screen.js
GET /js/screens/home-screen.js
GET /
GET /css/main.css
GET /js/state-manager.js
GET /js/api/jellyfin-client.js
GET /js/api/jellyseerr-client.js
GET /js/lifecycle.js
GET /js/router.js
GET /js/main.js
GET /js/screens/splash-screen.js
GET /js/screens/login-screen.js
GET /js/screens/home-screen.js
GET /css/main.css
GET /.well-known/appspecific/com.chrome.devtools.json
GET /
GET /.well-known/appspecific/com.chrome.devtools.json
GET /css/main.css
GET /js/state-manager.js
GET /js/api/jellyseerr-client.js
GET /js/api/jellyfin-client.js
GET /js/lifecycle.js
GET /js/router.js
GET /js/main.js
GET /js/screens/splash-screen.js
GET /js/screens/login-screen.js
GET /js/screens/home-screen.js
GET /
GET /.well-known/appspecific/com.chrome.devtools.json
GET /css/main.css
GET /js/state-manager.js
GET /js/api/jellyfin-client.js
GET /js/api/jellyseerr-client.js
GET /js/lifecycle.js
GET /js/router.js
GET /js/main.js
GET /js/screens/splash-screen.js
GET /js/screens/login-screen.js
GET /js/screens/home-screen.js
GET /
GET /.well-known/appspecific/com.chrome.devtools.json
GET /css/main.css
GET /js/state-manager.js
GET /js/api/jellyfin-client.js
GET /js/lifecycle.js
GET /js/api/jellyseerr-client.js
GET /js/router.js
GET /js/main.js
GET /js/screens/splash-screen.js
GET /js/screens/login-screen.js
GET /js/screens/home-screen.js
GET /
GET /css/main.css
GET /js/api/jellyfin-client.js
GET /js/state-manager.js
GET /js/api/jellyseerr-client.js
GET /js/lifecycle.js
GET /js/router.js
GET /js/main.js
GET /js/screens/splash-screen.js
GET /js/screens/login-screen.js
GET /js/screens/home-screen.js
GET /
GET /css/main.css
GET /js/state-manager.js
GET /js/api/jellyfin-client.js
GET /js/api/jellyseerr-client.js
GET /js/lifecycle.js
GET /js/router.js
GET /js/main.js
GET /js/screens/splash-screen.js
GET /js/screens/login-screen.js
GET /js/screens/home-screen.js
GET /css/main.css
GET /.well-known/appspecific/com.chrome.devtools.json
GET /
GET /.well-known/appspecific/com.chrome.devtools.json
GET /css/main.css
GET /js/state-manager.js
GET /js/api/jellyfin-client.js
GET /js/api/jellyseerr-client.js
GET /js/lifecycle.js
GET /js/router.js
GET /js/main.js
GET /js/screens/splash-screen.js
GET /js/screens/login-screen.js
GET /js/screens/home-screen.js
GET /
GET /css/main.css
GET /js/state-manager.js
GET /js/api/jellyfin-client.js
GET /js/api/jellyseerr-client.js
GET /js/router.js
GET /js/lifecycle.js
GET /js/main.js
GET /js/screens/splash-screen.js
GET /js/screens/login-screen.js
GET /js/screens/home-screen.js
GET /.well-known/appspecific/com.chrome.devtools.json
GET /css/main.css
GET /
GET /css/main.css
GET /.well-known/appspecific/com.chrome.devtools.json
GET /js/state-manager.js
GET /js/api/jellyfin-client.js
GET /js/api/jellyseerr-client.js
GET /js/lifecycle.js
GET /js/router.js
GET /js/main.js
GET /js/screens/splash-screen.js
GET /js/screens/login-screen.js
GET /js/screens/home-screen.js
GET /
GET /css/main.css
GET /js/state-manager.js
GET /js/api/jellyfin-client.js
GET /js/api/jellyseerr-client.js
GET /js/lifecycle.js
GET /js/router.js
GET /js/main.js
GET /js/screens/splash-screen.js
GET /js/screens/login-screen.js
GET /js/screens/home-screen.js
GET /
GET /css/main.css
GET /js/state-manager.js
GET /js/api/jellyfin-client.js
GET /js/api/jellyseerr-client.js
GET /js/lifecycle.js
GET /js/router.js
GET /js/main.js
GET /js/screens/splash-screen.js
GET /js/screens/login-screen.js
GET /js/screens/home-screen.js
GET /favicon.ico
GET /
GET /css/main.css
GET /js/state-manager.js
GET /js/api/jellyfin-client.js
GET /js/api/jellyseerr-client.js
GET /js/lifecycle.js
GET /js/router.js
GET /js/main.js
GET /js/screens/splash-screen.js
GET /js/screens/login-screen.js
GET /js/screens/home-screen.js
GET /favicon.ico
GET /.well-known/appspecific/com.chrome.devtools.json
GET /css/main.css
GET /
GET /.well-known/appspecific/com.chrome.devtools.json
GET /css/main.css
GET /js/state-manager.js
GET /js/api/jellyfin-client.js
GET /js/api/jellyseerr-client.js
GET /js/lifecycle.js
GET /js/router.js
GET /js/main.js
GET /js/screens/splash-screen.js
GET /js/screens/login-screen.js
GET /js/screens/home-screen.js
GET /
GET /css/main.css
GET /.well-known/appspecific/com.chrome.devtools.json
GET /js/state-manager.js
GET /js/api/jellyfin-client.js
GET /js/api/jellyseerr-client.js
GET /js/lifecycle.js
GET /js/router.js
GET /js/main.js
GET /js/screens/splash-screen.js
GET /js/screens/login-screen.js
GET /js/screens/home-screen.js
GET /.well-known/appspecific/com.chrome.devtools.json
GET /css/main.css
GET /.well-known/appspecific/com.chrome.devtools.json
OPTIONS /api/jellyseerr/api/v1/discover/trending?page=1
